{"level":"info","message":"[mb:2525] mountebank v2.5.0 now taking orders - point your browser to http://localhost:2525/ for help","timestamp":"2021-10-24T22:52:10.593Z"}
{"level":"info","message":"[mb:2525] PUT /imposters","timestamp":"2021-10-24T22:52:10.656Z"}
{"level":"info","message":"[http:3000] Open for business...","timestamp":"2021-10-24T22:52:10.685Z"}
{"level":"info","message":"[http:3000] ::1:51457 => GET /ato/employee/5658e572-c8e5-49de-9baa-c46e17ef527a/balance","timestamp":"2021-10-24T22:52:59.150Z"}
{"level":"info","message":"[http:3000] ::1:51458 => GET /ato/employee/a/balance","timestamp":"2021-10-24T22:52:59.160Z"}
{"level":"info","message":"[http:3000] ::1:51460 => GET /ato/employee/4b7d1dc9-fd21-42e6-b089-e727fca4864d/balance","timestamp":"2021-10-24T22:52:59.163Z"}
{"level":"info","message":"[http:3000] ::1:51459 => GET /ato/employee/820d52c7-2af3-4909-9716-2933c4d3d2c1/balance","timestamp":"2021-10-24T22:52:59.165Z"}
{"level":"info","message":"[http:3000] ::1:51463 => GET /ato/employee/a/balance","timestamp":"2021-10-24T22:53:14.843Z"}
{"level":"info","message":"[http:3000] ::1:51467 => GET /ato/employee/a/balance","timestamp":"2021-10-24T22:53:49.636Z"}
{"level":"info","message":"[http:3000] ::1:51468 => GET /ato/employee/5658e572-c8e5-49de-9baa-c46e17ef527a/balance","timestamp":"2021-10-24T22:53:49.641Z"}
{"level":"info","message":"[http:3000] ::1:51469 => GET /ato/employee/4b7d1dc9-fd21-42e6-b089-e727fca4864d/balance","timestamp":"2021-10-24T22:53:49.644Z"}
{"level":"info","message":"[http:3000] ::1:51470 => GET /ato/employee/820d52c7-2af3-4909-9716-2933c4d3d2c1/balance","timestamp":"2021-10-24T22:53:49.646Z"}
{"level":"info","message":"[http:3000] ::1:51471 => GET /ato/employee/b/balance","timestamp":"2021-10-24T22:54:01.162Z"}
{"level":"info","message":"[http:3000] ::1:51483 => GET /ato/employee/b/balance","timestamp":"2021-10-24T22:55:36.833Z"}
{"level":"info","message":"[http:3000] ::1:51485 => GET /ato/employee/b/balance","timestamp":"2021-10-24T22:55:48.221Z"}
{"level":"info","message":"[http:3000] ::1:65498 => GET /ato/employee/b/balance","timestamp":"2021-10-24T23:17:25.181Z"}
{"level":"info","message":"[http:3000] ::1:65501 => GET /ato/employee/b/balance","timestamp":"2021-10-24T23:17:31.639Z"}
{"level":"info","message":"[http:3000] ::1:65520 => GET /ato/employee/50ccf5d6-2056-4e0c-a160-4e51638410c7/balance","timestamp":"2021-10-24T23:21:58.109Z"}
{"level":"info","message":"[http:3000] no predicate match, using default response","timestamp":"2021-10-24T23:21:58.111Z"}
{"level":"info","message":"[http:3000] ::1:65519 => GET /ato/employee/4b7d1dc9-fd21-42e6-b089-e727fca4864d/balance","timestamp":"2021-10-24T23:21:58.115Z"}
{"level":"info","message":"[http:3000] ::1:65521 => GET /ato/employee/a/balance","timestamp":"2021-10-24T23:21:58.119Z"}
{"level":"info","message":"[http:3000] ::1:65522 => GET /ato/employee/820d52c7-2af3-4909-9716-2933c4d3d2c1/balance","timestamp":"2021-10-24T23:21:58.125Z"}
{"level":"info","message":"[http:3000] ::1:65523 => GET /ato/employee/5658e572-c8e5-49de-9baa-c46e17ef527a/balance","timestamp":"2021-10-24T23:21:58.127Z"}
{"level":"info","message":"[http:3000] ::1:52094 => GET /ato/employee/50ccf5d6-2056-4e0c-a160-4e51638410c7/balance","timestamp":"2021-10-25T00:35:05.079Z"}
{"level":"info","message":"[http:3000] no predicate match, using default response","timestamp":"2021-10-25T00:35:05.085Z"}
{"level":"info","message":"[http:3000] ::1:52095 => GET /ato/employee/5658e572-c8e5-49de-9baa-c46e17ef527a/balance","timestamp":"2021-10-25T00:35:05.089Z"}
{"level":"info","message":"[http:3000] ::1:52096 => GET /ato/employee/a/balance","timestamp":"2021-10-25T00:35:05.094Z"}
{"level":"info","message":"[http:3000] ::1:52097 => GET /ato/employee/4b7d1dc9-fd21-42e6-b089-e727fca4864d/balance","timestamp":"2021-10-25T00:35:05.098Z"}
{"level":"info","message":"[http:3000] ::1:52098 => GET /ato/employee/820d52c7-2af3-4909-9716-2933c4d3d2c1/balance","timestamp":"2021-10-25T00:35:05.101Z"}
{"level":"info","message":"[http:3000] ::1:52103 => GET /ato/employee/a/balance","timestamp":"2021-10-25T00:35:21.798Z"}
{"level":"info","message":"[http:3000] ::1:52102 => GET /ato/employee/50ccf5d6-2056-4e0c-a160-4e51638410c7/balance","timestamp":"2021-10-25T00:35:21.803Z"}
{"level":"info","message":"[http:3000] no predicate match, using default response","timestamp":"2021-10-25T00:35:21.807Z"}
{"level":"info","message":"[http:3000] ::1:52104 => GET /ato/employee/820d52c7-2af3-4909-9716-2933c4d3d2c1/balance","timestamp":"2021-10-25T00:35:21.810Z"}
{"level":"info","message":"[http:3000] ::1:52105 => GET /ato/employee/4b7d1dc9-fd21-42e6-b089-e727fca4864d/balance","timestamp":"2021-10-25T00:35:21.813Z"}
{"level":"info","message":"[http:3000] ::1:52106 => GET /ato/employee/5658e572-c8e5-49de-9baa-c46e17ef527a/balance","timestamp":"2021-10-25T00:35:21.818Z"}
{"level":"info","message":"[http:3000] ::1:52110 => GET /ato/employee/4b7d1dc9-fd21-42e6-b089-e727fca4864d/balance","timestamp":"2021-10-25T00:36:27.942Z"}
{"level":"info","message":"[http:3000] ::1:52111 => GET /ato/employee/4b7d1dc9-fd21-42e6-b089-e727fca4864d/balance","timestamp":"2021-10-25T00:36:33.396Z"}
{"level":"info","message":"[http:3000] ::1:52119 => GET /ato/employee/4b7d1dc9-fd21-42e6-b089-e727fca4864d/balance","timestamp":"2021-10-25T00:37:17.232Z"}
{"level":"info","message":"[http:3000] ::1:52120 => GET /ato/employee/4b7d1dc9-fd21-42e6-b089-e727fca4864d/balance","timestamp":"2021-10-25T00:37:22.004Z"}
{"level":"info","message":"[http:3000] ::1:52167 => GET /ato/employee/4b7d1dc9-fd21-42e6-b089-e727fca4864d/balance","timestamp":"2021-10-25T00:42:17.176Z"}
{"level":"info","message":"[http:3000] ::1:52168 => GET /ato/employee/4b7d1dc9-fd21-42e6-b089-e727fca4864d/balance","timestamp":"2021-10-25T00:42:18.940Z"}
{"level":"info","message":"[http:3000] ::1:52236 => GET /ato/employee/4b7d1dc9-fd21-42e6-b089-e727fca4864d/balance","timestamp":"2021-10-25T00:50:56.459Z"}
{"level":"info","message":"[http:3000] ::1:52239 => GET /ato/employee/4b7d1dc9-fd21-42e6-b089-e727fca4864d/balance","timestamp":"2021-10-25T00:51:13.906Z"}
{"level":"info","message":"[http:3000] ::1:52241 => GET /ato/employee/a/balance","timestamp":"2021-10-25T00:51:30.894Z"}
{"level":"info","message":"[http:3000] ::1:52242 => GET /ato/employee/4b7d1dc9-fd21-42e6-b089-e727fca4864d/balance","timestamp":"2021-10-25T00:51:30.906Z"}
{"level":"info","message":"[http:3000] ::1:52243 => GET /ato/employee/50ccf5d6-2056-4e0c-a160-4e51638410c7/balance","timestamp":"2021-10-25T00:51:30.908Z"}
{"level":"info","message":"[http:3000] no predicate match, using default response","timestamp":"2021-10-25T00:51:30.910Z"}
{"level":"info","message":"[http:3000] ::1:52244 => GET /ato/employee/5658e572-c8e5-49de-9baa-c46e17ef527a/balance","timestamp":"2021-10-25T00:51:30.912Z"}
{"level":"info","message":"[http:3000] ::1:52245 => GET /ato/employee/820d52c7-2af3-4909-9716-2933c4d3d2c1/balance","timestamp":"2021-10-25T00:51:30.914Z"}
{"level":"info","message":"[http:3000] ::1:64745 => GET /ato/employee/a/balance","timestamp":"2021-10-25T00:53:26.284Z"}
{"level":"info","message":"[http:3000] ::1:64744 => GET /ato/employee/4b7d1dc9-fd21-42e6-b089-e727fca4864d/balance","timestamp":"2021-10-25T00:53:26.290Z"}
{"level":"info","message":"[http:3000] ::1:64746 => GET /ato/employee/50ccf5d6-2056-4e0c-a160-4e51638410c7/balance","timestamp":"2021-10-25T00:53:26.291Z"}
{"level":"info","message":"[http:3000] no predicate match, using default response","timestamp":"2021-10-25T00:53:26.293Z"}
{"level":"info","message":"[http:3000] ::1:64747 => GET /ato/employee/5658e572-c8e5-49de-9baa-c46e17ef527a/balance","timestamp":"2021-10-25T00:53:26.295Z"}
{"level":"info","message":"[http:3000] ::1:64748 => GET /ato/employee/820d52c7-2af3-4909-9716-2933c4d3d2c1/balance","timestamp":"2021-10-25T00:53:26.296Z"}
{"level":"info","message":"[http:3000] ::1:64752 => GET /ato/employee/a/balance","timestamp":"2021-10-25T00:53:43.356Z"}
{"level":"info","message":"[http:3000] ::1:64753 => GET /ato/employee/4b7d1dc9-fd21-42e6-b089-e727fca4864d/balance","timestamp":"2021-10-25T00:53:43.359Z"}
{"level":"info","message":"[http:3000] ::1:64754 => GET /ato/employee/50ccf5d6-2056-4e0c-a160-4e51638410c7/balance","timestamp":"2021-10-25T00:53:43.360Z"}
{"level":"info","message":"[http:3000] no predicate match, using default response","timestamp":"2021-10-25T00:53:43.362Z"}
{"level":"info","message":"[http:3000] ::1:64755 => GET /ato/employee/820d52c7-2af3-4909-9716-2933c4d3d2c1/balance","timestamp":"2021-10-25T00:53:43.365Z"}
{"level":"info","message":"[http:3000] ::1:64756 => GET /ato/employee/5658e572-c8e5-49de-9baa-c46e17ef527a/balance","timestamp":"2021-10-25T00:53:43.368Z"}
{"level":"info","message":"[http:3000] ::1:64769 => GET /ato/employee/50ccf5d6-2056-4e0c-a160-4e51638410c7/balance","timestamp":"2021-10-25T00:55:18.146Z"}
{"level":"info","message":"[http:3000] no predicate match, using default response","timestamp":"2021-10-25T00:55:18.148Z"}
{"level":"info","message":"[http:3000] ::1:64768 => GET /ato/employee/820d52c7-2af3-4909-9716-2933c4d3d2c1/balance","timestamp":"2021-10-25T00:55:18.150Z"}
{"level":"info","message":"[http:3000] ::1:64770 => GET /ato/employee/a/balance","timestamp":"2021-10-25T00:55:18.152Z"}
{"level":"info","message":"[http:3000] ::1:64771 => GET /ato/employee/5658e572-c8e5-49de-9baa-c46e17ef527a/balance","timestamp":"2021-10-25T00:55:18.156Z"}
{"level":"info","message":"[http:3000] ::1:64772 => GET /ato/employee/4b7d1dc9-fd21-42e6-b089-e727fca4864d/balance","timestamp":"2021-10-25T00:55:18.159Z"}
{"level":"info","message":"[http:3000] ::1:64786 => GET /ato/employee/820d52c7-2af3-4909-9716-2933c4d3d2c1/balance","timestamp":"2021-10-25T00:56:05.849Z"}
{"level":"info","message":"[http:3000] ::1:64785 => GET /ato/employee/4b7d1dc9-fd21-42e6-b089-e727fca4864d/balance","timestamp":"2021-10-25T00:56:05.853Z"}
{"level":"info","message":"[http:3000] ::1:64787 => GET /ato/employee/5658e572-c8e5-49de-9baa-c46e17ef527a/balance","timestamp":"2021-10-25T00:56:05.858Z"}
{"level":"info","message":"[http:3000] ::1:64788 => GET /ato/employee/a/balance","timestamp":"2021-10-25T00:56:05.860Z"}
{"level":"info","message":"[http:3000] ::1:64789 => GET /ato/employee/50ccf5d6-2056-4e0c-a160-4e51638410c7/balance","timestamp":"2021-10-25T00:56:05.864Z"}
{"level":"info","message":"[http:3000] no predicate match, using default response","timestamp":"2021-10-25T00:56:05.866Z"}
{"level":"info","message":"[http:3000] ::1:64794 => GET /ato/employee/50ccf5d6-2056-4e0c-a160-4e51638410c7/balance","timestamp":"2021-10-25T00:56:19.597Z"}
{"level":"info","message":"[http:3000] no predicate match, using default response","timestamp":"2021-10-25T00:56:19.599Z"}
{"level":"info","message":"[http:3000] ::1:64793 => GET /ato/employee/a/balance","timestamp":"2021-10-25T00:56:19.600Z"}
{"level":"info","message":"[http:3000] ::1:64795 => GET /ato/employee/820d52c7-2af3-4909-9716-2933c4d3d2c1/balance","timestamp":"2021-10-25T00:56:19.603Z"}
{"level":"info","message":"[http:3000] ::1:64796 => GET /ato/employee/5658e572-c8e5-49de-9baa-c46e17ef527a/balance","timestamp":"2021-10-25T00:56:19.606Z"}
{"level":"info","message":"[http:3000] ::1:64797 => GET /ato/employee/4b7d1dc9-fd21-42e6-b089-e727fca4864d/balance","timestamp":"2021-10-25T00:56:19.607Z"}
{"level":"info","message":"[http:3000] ::1:64903 => GET /ato/employee/a/balance","timestamp":"2021-10-25T01:12:12.759Z"}
{"level":"info","message":"[http:3000] ::1:64904 => GET /ato/employee/5658e572-c8e5-49de-9baa-c46e17ef527a/balance","timestamp":"2021-10-25T01:12:12.761Z"}
{"level":"info","message":"[http:3000] ::1:64902 => GET /ato/employee/50ccf5d6-2056-4e0c-a160-4e51638410c7/balance","timestamp":"2021-10-25T01:12:12.763Z"}
{"level":"info","message":"[http:3000] no predicate match, using default response","timestamp":"2021-10-25T01:12:12.766Z"}
{"level":"info","message":"[http:3000] ::1:64905 => GET /ato/employee/4b7d1dc9-fd21-42e6-b089-e727fca4864d/balance","timestamp":"2021-10-25T01:12:12.769Z"}
{"level":"info","message":"[http:3000] ::1:64906 => GET /ato/employee/820d52c7-2af3-4909-9716-2933c4d3d2c1/balance","timestamp":"2021-10-25T01:12:12.772Z"}
{"level":"info","message":"[http:3000] ::1:64909 => GET /ato/employee/a/balance","timestamp":"2021-10-25T01:12:37.899Z"}
{"level":"info","message":"[http:3000] ::1:64910 => GET /ato/employee/5658e572-c8e5-49de-9baa-c46e17ef527a/balance","timestamp":"2021-10-25T01:12:37.904Z"}
{"level":"info","message":"[http:3000] ::1:64911 => GET /ato/employee/50ccf5d6-2056-4e0c-a160-4e51638410c7/balance","timestamp":"2021-10-25T01:12:37.906Z"}
{"level":"info","message":"[http:3000] no predicate match, using default response","timestamp":"2021-10-25T01:12:37.908Z"}
{"level":"info","message":"[http:3000] ::1:64912 => GET /ato/employee/820d52c7-2af3-4909-9716-2933c4d3d2c1/balance","timestamp":"2021-10-25T01:12:37.909Z"}
{"level":"info","message":"[http:3000] ::1:64913 => GET /ato/employee/4b7d1dc9-fd21-42e6-b089-e727fca4864d/balance","timestamp":"2021-10-25T01:12:37.911Z"}
{"level":"info","message":"[http:3000] ::1:64920 => GET /ato/employee/a/balance","timestamp":"2021-10-25T01:13:12.283Z"}
{"level":"info","message":"[http:3000] ::1:64921 => GET /ato/employee/4b7d1dc9-fd21-42e6-b089-e727fca4864d/balance","timestamp":"2021-10-25T01:13:12.286Z"}
{"level":"info","message":"[http:3000] ::1:64922 => GET /ato/employee/50ccf5d6-2056-4e0c-a160-4e51638410c7/balance","timestamp":"2021-10-25T01:13:12.287Z"}
{"level":"info","message":"[http:3000] no predicate match, using default response","timestamp":"2021-10-25T01:13:12.294Z"}
{"level":"info","message":"[http:3000] ::1:64923 => GET /ato/employee/5658e572-c8e5-49de-9baa-c46e17ef527a/balance","timestamp":"2021-10-25T01:13:12.299Z"}
{"level":"info","message":"[http:3000] ::1:64924 => GET /ato/employee/820d52c7-2af3-4909-9716-2933c4d3d2c1/balance","timestamp":"2021-10-25T01:13:12.302Z"}
{"level":"info","message":"[http:3000] ::1:65039 => GET /ato/employee/4b7d1dc9-fd21-42e6-b089-e727fca4864d/balance","timestamp":"2021-10-25T01:14:49.912Z"}
{"level":"info","message":"[http:3000] ::1:65040 => GET /ato/employee/50ccf5d6-2056-4e0c-a160-4e51638410c7/balance","timestamp":"2021-10-25T01:14:49.915Z"}
{"level":"info","message":"[http:3000] no predicate match, using default response","timestamp":"2021-10-25T01:14:49.917Z"}
{"level":"info","message":"[http:3000] ::1:65041 => GET /ato/employee/a/balance","timestamp":"2021-10-25T01:14:49.918Z"}
{"level":"info","message":"[http:3000] ::1:65042 => GET /ato/employee/5658e572-c8e5-49de-9baa-c46e17ef527a/balance","timestamp":"2021-10-25T01:14:49.920Z"}
{"level":"info","message":"[http:3000] ::1:65043 => GET /ato/employee/820d52c7-2af3-4909-9716-2933c4d3d2c1/balance","timestamp":"2021-10-25T01:14:49.922Z"}
{"level":"info","message":"[http:3000] ::1:65045 => GET /ato/employee/a/balance","timestamp":"2021-10-25T01:15:00.143Z"}
{"level":"info","message":"[http:3000] ::1:65046 => GET /ato/employee/50ccf5d6-2056-4e0c-a160-4e51638410c7/balance","timestamp":"2021-10-25T01:15:00.148Z"}
{"level":"info","message":"[http:3000] no predicate match, using default response","timestamp":"2021-10-25T01:15:00.152Z"}
{"level":"info","message":"[http:3000] ::1:65044 => GET /ato/employee/5658e572-c8e5-49de-9baa-c46e17ef527a/balance","timestamp":"2021-10-25T01:15:00.153Z"}
{"level":"info","message":"[http:3000] ::1:65047 => GET /ato/employee/4b7d1dc9-fd21-42e6-b089-e727fca4864d/balance","timestamp":"2021-10-25T01:15:00.157Z"}
{"level":"info","message":"[http:3000] ::1:65048 => GET /ato/employee/820d52c7-2af3-4909-9716-2933c4d3d2c1/balance","timestamp":"2021-10-25T01:15:00.159Z"}
{"level":"info","message":"[http:3000] ::1:60007 => GET /ato/employee/5658e572-c8e5-49de-9baa-c46e17ef527a/balance","timestamp":"2021-10-25T02:18:44.505Z"}
{"level":"info","message":"[http:3000] ::1:60010 => GET /ato/employee/50ccf5d6-2056-4e0c-a160-4e51638410c7/balance","timestamp":"2021-10-25T02:18:44.512Z"}
{"level":"info","message":"[http:3000] no predicate match, using default response","timestamp":"2021-10-25T02:18:44.514Z"}
{"level":"info","message":"[http:3000] ::1:60008 => GET /ato/employee/a/balance","timestamp":"2021-10-25T02:18:44.519Z"}
{"level":"info","message":"[http:3000] ::1:60009 => GET /ato/employee/b/balance","timestamp":"2021-10-25T02:18:44.525Z"}
{"level":"info","message":"[http:3000] ::1:60011 => GET /ato/employee/820d52c7-2af3-4909-9716-2933c4d3d2c1/balance","timestamp":"2021-10-25T02:18:44.528Z"}
{"level":"info","message":"[http:3000] ::1:60012 => GET /ato/employee/4b7d1dc9-fd21-42e6-b089-e727fca4864d/balance","timestamp":"2021-10-25T02:18:44.530Z"}
