{"level":"info","message":"[mb:2525] mountebank v2.5.0 now taking orders - point your browser to http://localhost:2525/ for help","timestamp":"2021-10-22T06:51:45.534Z"}
{"level":"info","message":"[mb:2525] PUT /imposters","timestamp":"2021-10-22T06:51:45.630Z"}
{"level":"info","message":"[http:3000] Open for business...","timestamp":"2021-10-22T06:51:45.672Z"}
{"level":"info","message":"[http:3000] ::1:60400 => GET /ato/employee/a/balance","timestamp":"2021-10-22T06:52:09.031Z"}
{"level":"info","message":"[http:3000] ::1:60402 => GET /ato/employee/a/balance","timestamp":"2021-10-22T06:52:28.159Z"}
{"level":"info","message":"[http:3000] ::1:51644 => GET /ato/employee/a/balance","timestamp":"2021-10-22T06:52:37.026Z"}
{"level":"info","message":"[http:3000] ::1:55005 => GET /ato/employee/a/balance","timestamp":"2021-10-22T06:54:11.340Z"}
{"level":"info","message":"[http:3000] ::1:55006 => GET /ato/employee/a/balance","timestamp":"2021-10-22T06:54:36.811Z"}
{"level":"info","message":"[http:3000] ::1:65446 => GET /ato/employee/a/balance","timestamp":"2021-10-22T06:59:17.589Z"}
{"level":"info","message":"[http:3000] ::1:65447 => GET /ato/employee/a/balance","timestamp":"2021-10-22T06:59:28.547Z"}
{"level":"info","message":"[http:3000] ::1:51449 => GET /ato/employee/a/balance","timestamp":"2021-10-22T06:59:41.381Z"}
{"level":"info","message":"[http:3000] ::1:50927 => GET /ato/employee/a/balance","timestamp":"2021-10-22T07:06:52.969Z"}
{"level":"info","message":"[http:3000] ::1:55172 => GET /ato/employee/a/balance","timestamp":"2021-10-22T07:06:55.081Z"}
{"level":"info","message":"[http:3000] ::1:62506 => GET /ato/employee/a/balance","timestamp":"2021-10-22T07:13:47.793Z"}
{"level":"info","message":"[http:3000] ::1:62507 => GET /ato/employee/a/balance","timestamp":"2021-10-22T07:13:49.584Z"}
{"level":"info","message":"[http:3000] ::1:56224 => GET /ato/employee/820d52c7-2af3-4909-9716-2933c4d3d2c1/balance","timestamp":"2021-10-22T08:25:59.390Z"}
{"level":"info","message":"[http:3000] ::1:56225 => GET /ato/employee/5658e572-c8e5-49de-9baa-c46e17ef527a/balance","timestamp":"2021-10-22T08:25:59.398Z"}
{"level":"info","message":"[http:3000] ::1:56226 => GET /ato/employee/a/balance","timestamp":"2021-10-22T08:25:59.408Z"}
{"level":"info","message":"[http:3000] ::1:56227 => GET /ato/employee/4b7d1dc9-fd21-42e6-b089-e727fca4864d/balance","timestamp":"2021-10-22T08:25:59.416Z"}
{"level":"info","message":"[http:3000] ::1:59121 => GET /ato/employee/5658e572-c8e5-49de-9baa-c46e17ef527a/balance","timestamp":"2021-10-22T08:26:16.415Z"}
{"level":"info","message":"[http:3000] ::1:59124 => GET /ato/employee/820d52c7-2af3-4909-9716-2933c4d3d2c1/balance","timestamp":"2021-10-22T08:26:16.433Z"}
{"level":"info","message":"[http:3000] ::1:59122 => GET /ato/employee/a/balance","timestamp":"2021-10-22T08:26:16.444Z"}
{"level":"info","message":"[http:3000] ::1:59123 => GET /ato/employee/4b7d1dc9-fd21-42e6-b089-e727fca4864d/balance","timestamp":"2021-10-22T08:26:16.452Z"}
{"level":"info","message":"[http:3000] ::1:49671 => GET /ato/employee/4b7d1dc9-fd21-42e6-b089-e727fca4864d/balance","timestamp":"2021-10-22T08:26:39.027Z"}
{"level":"info","message":"[http:3000] ::1:49672 => GET /ato/employee/5658e572-c8e5-49de-9baa-c46e17ef527a/balance","timestamp":"2021-10-22T08:26:39.035Z"}
{"level":"info","message":"[http:3000] ::1:49673 => GET /ato/employee/820d52c7-2af3-4909-9716-2933c4d3d2c1/balance","timestamp":"2021-10-22T08:26:39.041Z"}
{"level":"info","message":"[http:3000] ::1:49674 => GET /ato/employee/a/balance","timestamp":"2021-10-22T08:26:39.051Z"}
{"level":"info","message":"[http:3000] ::1:52379 => GET /ato/employee/5658e572-c8e5-49de-9baa-c46e17ef527a/balance","timestamp":"2021-10-22T08:29:35.699Z"}
{"level":"info","message":"[http:3000] ::1:52378 => GET /ato/employee/a/balance","timestamp":"2021-10-22T08:29:35.709Z"}
{"level":"info","message":"[http:3000] ::1:52381 => GET /ato/employee/4b7d1dc9-fd21-42e6-b089-e727fca4864d/balance","timestamp":"2021-10-22T08:29:35.715Z"}
{"level":"info","message":"[http:3000] ::1:52380 => GET /ato/employee/820d52c7-2af3-4909-9716-2933c4d3d2c1/balance","timestamp":"2021-10-22T08:29:35.719Z"}
{"level":"info","message":"[http:3000] ::1:63470 => GET /ato/employee/820d52c7-2af3-4909-9716-2933c4d3d2c1/balance","timestamp":"2021-10-22T08:50:55.388Z"}
{"level":"info","message":"[http:3000] ::1:63469 => GET /ato/employee/a/balance","timestamp":"2021-10-22T08:50:55.394Z"}
{"level":"info","message":"[http:3000] ::1:63471 => GET /ato/employee/5658e572-c8e5-49de-9baa-c46e17ef527a/balance","timestamp":"2021-10-22T08:50:55.405Z"}
{"level":"info","message":"[http:3000] ::1:63472 => GET /ato/employee/4b7d1dc9-fd21-42e6-b089-e727fca4864d/balance","timestamp":"2021-10-22T08:50:55.410Z"}
{"level":"info","message":"[http:3000] ::1:63475 => GET /ato/employee/4b7d1dc9-fd21-42e6-b089-e727fca4864d/balance","timestamp":"2021-10-22T08:51:06.472Z"}
{"level":"info","message":"[http:3000] ::1:63476 => GET /ato/employee/5658e572-c8e5-49de-9baa-c46e17ef527a/balance","timestamp":"2021-10-22T08:51:06.483Z"}
{"level":"info","message":"[http:3000] ::1:63477 => GET /ato/employee/820d52c7-2af3-4909-9716-2933c4d3d2c1/balance","timestamp":"2021-10-22T08:51:06.490Z"}
{"level":"info","message":"[http:3000] ::1:63478 => GET /ato/employee/a/balance","timestamp":"2021-10-22T08:51:06.498Z"}
{"level":"info","message":"[http:3000] ::1:63479 => GET /ato/employee/4b7d1dc9-fd21-42e6-b089-e727fca4864d/balance","timestamp":"2021-10-22T08:51:15.655Z"}
{"level":"info","message":"[http:3000] ::1:63481 => GET /ato/employee/820d52c7-2af3-4909-9716-2933c4d3d2c1/balance","timestamp":"2021-10-22T08:51:15.666Z"}
{"level":"info","message":"[http:3000] ::1:63480 => GET /ato/employee/5658e572-c8e5-49de-9baa-c46e17ef527a/balance","timestamp":"2021-10-22T08:51:15.682Z"}
{"level":"info","message":"[http:3000] ::1:63482 => GET /ato/employee/a/balance","timestamp":"2021-10-22T08:51:15.697Z"}
{"level":"info","message":"[http:3000] ::1:63483 => GET /ato/employee/5658e572-c8e5-49de-9baa-c46e17ef527a/balance","timestamp":"2021-10-22T08:51:20.643Z"}
{"level":"info","message":"[http:3000] ::1:63484 => GET /ato/employee/4b7d1dc9-fd21-42e6-b089-e727fca4864d/balance","timestamp":"2021-10-22T08:51:20.650Z"}
{"level":"info","message":"[http:3000] ::1:63486 => GET /ato/employee/820d52c7-2af3-4909-9716-2933c4d3d2c1/balance","timestamp":"2021-10-22T08:51:20.656Z"}
{"level":"info","message":"[http:3000] ::1:63485 => GET /ato/employee/a/balance","timestamp":"2021-10-22T08:51:20.662Z"}
{"level":"info","message":"[http:3000] ::1:63487 => GET /ato/employee/4b7d1dc9-fd21-42e6-b089-e727fca4864d/balance","timestamp":"2021-10-22T08:51:29.565Z"}
{"level":"info","message":"[http:3000] ::1:63488 => GET /ato/employee/5658e572-c8e5-49de-9baa-c46e17ef527a/balance","timestamp":"2021-10-22T08:51:29.571Z"}
{"level":"info","message":"[http:3000] ::1:63489 => GET /ato/employee/820d52c7-2af3-4909-9716-2933c4d3d2c1/balance","timestamp":"2021-10-22T08:51:29.587Z"}
{"level":"info","message":"[http:3000] ::1:63490 => GET /ato/employee/a/balance","timestamp":"2021-10-22T08:51:29.592Z"}
{"level":"info","message":"[http:3000] ::1:53425 => GET /ato/employee/5658e572-c8e5-49de-9baa-c46e17ef527a/balance","timestamp":"2021-10-22T08:53:21.082Z"}
{"level":"info","message":"[http:3000] ::1:53426 => GET /ato/employee/4b7d1dc9-fd21-42e6-b089-e727fca4864d/balance","timestamp":"2021-10-22T08:53:21.091Z"}
{"level":"info","message":"[http:3000] ::1:53427 => GET /ato/employee/a/balance","timestamp":"2021-10-22T08:53:21.099Z"}
{"level":"info","message":"[http:3000] ::1:53428 => GET /ato/employee/820d52c7-2af3-4909-9716-2933c4d3d2c1/balance","timestamp":"2021-10-22T08:53:21.107Z"}
{"level":"info","message":"[http:3000] ::1:57336 => GET /ato/employee/4b7d1dc9-fd21-42e6-b089-e727fca4864d/balance","timestamp":"2021-10-22T08:53:52.177Z"}
{"level":"info","message":"[http:3000] ::1:57335 => GET /ato/employee/5658e572-c8e5-49de-9baa-c46e17ef527a/balance","timestamp":"2021-10-22T08:53:52.191Z"}
{"level":"info","message":"[http:3000] ::1:57338 => GET /ato/employee/820d52c7-2af3-4909-9716-2933c4d3d2c1/balance","timestamp":"2021-10-22T08:53:52.197Z"}
{"level":"info","message":"[http:3000] ::1:57337 => GET /ato/employee/a/balance","timestamp":"2021-10-22T08:53:52.204Z"}
{"level":"info","message":"[http:3000] ::1:56110 => GET /ato/employee/820d52c7-2af3-4909-9716-2933c4d3d2c1/balance","timestamp":"2021-10-22T08:56:18.009Z"}
{"level":"info","message":"[http:3000] ::1:56109 => GET /ato/employee/5658e572-c8e5-49de-9baa-c46e17ef527a/balance","timestamp":"2021-10-22T08:56:18.016Z"}
{"level":"info","message":"[http:3000] ::1:56112 => GET /ato/employee/4b7d1dc9-fd21-42e6-b089-e727fca4864d/balance","timestamp":"2021-10-22T08:56:18.046Z"}
{"level":"info","message":"[http:3000] ::1:56111 => GET /ato/employee/a/balance","timestamp":"2021-10-22T08:56:18.079Z"}
{"level":"info","message":"[http:3000] ::1:56135 => GET /ato/employee/820d52c7-2af3-4909-9716-2933c4d3d2c1/balance","timestamp":"2021-10-22T08:58:05.260Z"}
{"level":"info","message":"[http:3000] ::1:56133 => GET /ato/employee/a/balance","timestamp":"2021-10-22T08:58:05.264Z"}
{"level":"info","message":"[http:3000] ::1:56132 => GET /ato/employee/4b7d1dc9-fd21-42e6-b089-e727fca4864d/balance","timestamp":"2021-10-22T08:58:05.270Z"}
{"level":"info","message":"[http:3000] ::1:56134 => GET /ato/employee/5658e572-c8e5-49de-9baa-c46e17ef527a/balance","timestamp":"2021-10-22T08:58:05.274Z"}
{"level":"info","message":"[http:3000] ::1:56137 => GET /ato/employee/a/balance","timestamp":"2021-10-22T08:58:15.725Z"}
{"level":"info","message":"[http:3000] ::1:56136 => GET /ato/employee/4b7d1dc9-fd21-42e6-b089-e727fca4864d/balance","timestamp":"2021-10-22T08:58:15.735Z"}
{"level":"info","message":"[http:3000] ::1:56138 => GET /ato/employee/5658e572-c8e5-49de-9baa-c46e17ef527a/balance","timestamp":"2021-10-22T08:58:15.739Z"}
{"level":"info","message":"[http:3000] ::1:56139 => GET /ato/employee/820d52c7-2af3-4909-9716-2933c4d3d2c1/balance","timestamp":"2021-10-22T08:58:15.752Z"}
{"level":"info","message":"[http:3000] ::1:59538 => GET /ato/employee/820d52c7-2af3-4909-9716-2933c4d3d2c1/balance","timestamp":"2021-10-22T09:01:23.023Z"}
{"level":"info","message":"[http:3000] ::1:59539 => GET /ato/employee/a/balance","timestamp":"2021-10-22T09:01:23.028Z"}
{"level":"info","message":"[http:3000] ::1:59540 => GET /ato/employee/5658e572-c8e5-49de-9baa-c46e17ef527a/balance","timestamp":"2021-10-22T09:01:23.036Z"}
{"level":"info","message":"[http:3000] ::1:59541 => GET /ato/employee/4b7d1dc9-fd21-42e6-b089-e727fca4864d/balance","timestamp":"2021-10-22T09:01:23.040Z"}
{"level":"info","message":"[http:3000] ::1:59543 => GET /ato/employee/5658e572-c8e5-49de-9baa-c46e17ef527a/balance","timestamp":"2021-10-22T09:01:27.739Z"}
{"level":"info","message":"[http:3000] ::1:59542 => GET /ato/employee/a/balance","timestamp":"2021-10-22T09:01:27.745Z"}
{"level":"info","message":"[http:3000] ::1:59545 => GET /ato/employee/4b7d1dc9-fd21-42e6-b089-e727fca4864d/balance","timestamp":"2021-10-22T09:01:27.753Z"}
{"level":"info","message":"[http:3000] ::1:59544 => GET /ato/employee/820d52c7-2af3-4909-9716-2933c4d3d2c1/balance","timestamp":"2021-10-22T09:01:27.756Z"}
{"level":"info","message":"[http:3000] ::1:61066 => GET /ato/employee/820d52c7-2af3-4909-9716-2933c4d3d2c1/balance","timestamp":"2021-10-22T09:06:07.712Z"}
{"level":"info","message":"[http:3000] ::1:61068 => GET /ato/employee/5658e572-c8e5-49de-9baa-c46e17ef527a/balance","timestamp":"2021-10-22T09:06:07.717Z"}
{"level":"info","message":"[http:3000] ::1:61067 => GET /ato/employee/a/balance","timestamp":"2021-10-22T09:06:07.724Z"}
{"level":"info","message":"[http:3000] ::1:61069 => GET /ato/employee/4b7d1dc9-fd21-42e6-b089-e727fca4864d/balance","timestamp":"2021-10-22T09:06:07.734Z"}
{"level":"info","message":"[http:3000] ::1:61071 => GET /ato/employee/a/balance","timestamp":"2021-10-22T09:06:13.177Z"}
{"level":"info","message":"[http:3000] ::1:61070 => GET /ato/employee/5658e572-c8e5-49de-9baa-c46e17ef527a/balance","timestamp":"2021-10-22T09:06:13.187Z"}
{"level":"info","message":"[http:3000] ::1:61072 => GET /ato/employee/820d52c7-2af3-4909-9716-2933c4d3d2c1/balance","timestamp":"2021-10-22T09:06:13.197Z"}
{"level":"info","message":"[http:3000] ::1:61073 => GET /ato/employee/4b7d1dc9-fd21-42e6-b089-e727fca4864d/balance","timestamp":"2021-10-22T09:06:13.203Z"}
{"level":"info","message":"[http:3000] ::1:61075 => GET /ato/employee/5658e572-c8e5-49de-9baa-c46e17ef527a/balance","timestamp":"2021-10-22T09:06:26.118Z"}
{"level":"info","message":"[http:3000] ::1:61074 => GET /ato/employee/820d52c7-2af3-4909-9716-2933c4d3d2c1/balance","timestamp":"2021-10-22T09:06:26.125Z"}
{"level":"info","message":"[http:3000] ::1:61076 => GET /ato/employee/a/balance","timestamp":"2021-10-22T09:06:26.139Z"}
{"level":"info","message":"[http:3000] ::1:61077 => GET /ato/employee/4b7d1dc9-fd21-42e6-b089-e727fca4864d/balance","timestamp":"2021-10-22T09:06:26.148Z"}
{"level":"info","message":"[http:3000] ::1:61079 => GET /ato/employee/5658e572-c8e5-49de-9baa-c46e17ef527a/balance","timestamp":"2021-10-22T09:06:29.089Z"}
{"level":"info","message":"[http:3000] ::1:61078 => GET /ato/employee/a/balance","timestamp":"2021-10-22T09:06:29.095Z"}
{"level":"info","message":"[http:3000] ::1:61080 => GET /ato/employee/820d52c7-2af3-4909-9716-2933c4d3d2c1/balance","timestamp":"2021-10-22T09:06:29.099Z"}
{"level":"info","message":"[http:3000] ::1:61081 => GET /ato/employee/4b7d1dc9-fd21-42e6-b089-e727fca4864d/balance","timestamp":"2021-10-22T09:06:29.104Z"}
{"level":"info","message":"[http:3000] ::1:58944 => GET /ato/employee/a/balance","timestamp":"2021-10-22T09:13:52.908Z"}
{"level":"info","message":"[http:3000] ::1:58945 => GET /ato/employee/4b7d1dc9-fd21-42e6-b089-e727fca4864d/balance","timestamp":"2021-10-22T09:13:52.917Z"}
{"level":"info","message":"[http:3000] ::1:58946 => GET /ato/employee/820d52c7-2af3-4909-9716-2933c4d3d2c1/balance","timestamp":"2021-10-22T09:13:52.921Z"}
{"level":"info","message":"[http:3000] ::1:58947 => GET /ato/employee/5658e572-c8e5-49de-9baa-c46e17ef527a/balance","timestamp":"2021-10-22T09:13:52.927Z"}
{"level":"info","message":"[http:3000] ::1:58948 => GET /ato/employee/5658e572-c8e5-49de-9baa-c46e17ef527a/balance","timestamp":"2021-10-22T09:14:12.702Z"}
{"level":"info","message":"[http:3000] ::1:58949 => GET /ato/employee/a/balance","timestamp":"2021-10-22T09:14:12.709Z"}
{"level":"info","message":"[http:3000] ::1:58950 => GET /ato/employee/820d52c7-2af3-4909-9716-2933c4d3d2c1/balance","timestamp":"2021-10-22T09:14:12.724Z"}
{"level":"info","message":"[http:3000] ::1:58951 => GET /ato/employee/4b7d1dc9-fd21-42e6-b089-e727fca4864d/balance","timestamp":"2021-10-22T09:14:12.736Z"}
{"level":"info","message":"[http:3000] ::1:51638 => GET /ato/employee/a/balance","timestamp":"2021-10-22T09:15:18.890Z"}
{"level":"info","message":"[http:3000] ::1:51637 => GET /ato/employee/5658e572-c8e5-49de-9baa-c46e17ef527a/balance","timestamp":"2021-10-22T09:15:18.893Z"}
{"level":"info","message":"[http:3000] ::1:51639 => GET /ato/employee/820d52c7-2af3-4909-9716-2933c4d3d2c1/balance","timestamp":"2021-10-22T09:15:18.900Z"}
{"level":"info","message":"[http:3000] ::1:51640 => GET /ato/employee/4b7d1dc9-fd21-42e6-b089-e727fca4864d/balance","timestamp":"2021-10-22T09:15:18.907Z"}
{"level":"info","message":"[http:3000] ::1:51641 => GET /ato/employee/820d52c7-2af3-4909-9716-2933c4d3d2c1/balance","timestamp":"2021-10-22T09:15:25.392Z"}
{"level":"info","message":"[http:3000] ::1:51643 => GET /ato/employee/a/balance","timestamp":"2021-10-22T09:15:25.401Z"}
{"level":"info","message":"[http:3000] ::1:51642 => GET /ato/employee/5658e572-c8e5-49de-9baa-c46e17ef527a/balance","timestamp":"2021-10-22T09:15:25.410Z"}
{"level":"info","message":"[http:3000] ::1:51644 => GET /ato/employee/4b7d1dc9-fd21-42e6-b089-e727fca4864d/balance","timestamp":"2021-10-22T09:15:25.417Z"}
{"level":"info","message":"[http:3000] ::1:51646 => GET /ato/employee/a/balance","timestamp":"2021-10-22T09:15:39.783Z"}
{"level":"info","message":"[http:3000] ::1:51645 => GET /ato/employee/5658e572-c8e5-49de-9baa-c46e17ef527a/balance","timestamp":"2021-10-22T09:15:39.792Z"}
{"level":"info","message":"[http:3000] ::1:51647 => GET /ato/employee/820d52c7-2af3-4909-9716-2933c4d3d2c1/balance","timestamp":"2021-10-22T09:15:39.799Z"}
{"level":"info","message":"[http:3000] ::1:51648 => GET /ato/employee/4b7d1dc9-fd21-42e6-b089-e727fca4864d/balance","timestamp":"2021-10-22T09:15:39.802Z"}
{"level":"info","message":"[http:3000] ::1:51649 => GET /ato/employee/a/balance","timestamp":"2021-10-22T09:15:49.071Z"}
{"level":"info","message":"[http:3000] ::1:51651 => GET /ato/employee/5658e572-c8e5-49de-9baa-c46e17ef527a/balance","timestamp":"2021-10-22T09:15:49.079Z"}
{"level":"info","message":"[http:3000] ::1:51650 => GET /ato/employee/820d52c7-2af3-4909-9716-2933c4d3d2c1/balance","timestamp":"2021-10-22T09:15:49.085Z"}
{"level":"info","message":"[http:3000] ::1:51652 => GET /ato/employee/4b7d1dc9-fd21-42e6-b089-e727fca4864d/balance","timestamp":"2021-10-22T09:15:49.093Z"}
{"level":"info","message":"[http:3000] ::1:50629 => GET /ato/employee/a/balance","timestamp":"2021-10-22T09:33:15.900Z"}
{"level":"info","message":"[http:3000] ::1:50628 => GET /ato/employee/5658e572-c8e5-49de-9baa-c46e17ef527a/balance","timestamp":"2021-10-22T09:33:15.906Z"}
{"level":"info","message":"[http:3000] ::1:50631 => GET /ato/employee/820d52c7-2af3-4909-9716-2933c4d3d2c1/balance","timestamp":"2021-10-22T09:33:15.912Z"}
{"level":"info","message":"[http:3000] ::1:50630 => GET /ato/employee/4b7d1dc9-fd21-42e6-b089-e727fca4864d/balance","timestamp":"2021-10-22T09:33:15.914Z"}
{"level":"info","message":"[http:3000] ::1:50633 => GET /ato/employee/a/balance","timestamp":"2021-10-22T09:33:22.608Z"}
{"level":"info","message":"[http:3000] ::1:50634 => GET /ato/employee/5658e572-c8e5-49de-9baa-c46e17ef527a/balance","timestamp":"2021-10-22T09:33:22.616Z"}
{"level":"info","message":"[http:3000] ::1:50635 => GET /ato/employee/4b7d1dc9-fd21-42e6-b089-e727fca4864d/balance","timestamp":"2021-10-22T09:33:22.626Z"}
{"level":"info","message":"[http:3000] ::1:50636 => GET /ato/employee/820d52c7-2af3-4909-9716-2933c4d3d2c1/balance","timestamp":"2021-10-22T09:33:22.630Z"}
{"level":"info","message":"[mb:2525] Adios - see you soon?","timestamp":"2021-10-22T09:33:27.588Z"}
